<?xml version="1.0" encoding="UTF-8"?>
<!-- Generated by org.testng.reporters.JUnitReportReporter -->
<testsuite hostname="DESKTOP-3JG0K1M" failures="0" tests="2" name="runner.TestRunner" time="32.442" errors="0" timestamp="2024-11-07T13:32:46 GMT" skipped="0">
  <testcase classname="runner.TestRunner" name="runScenario" time="16.235"/>
  <testcase classname="runner.TestRunner" name="runScenario" time="16.207"/>
</testsuite> <!-- runner.TestRunner -->
