<?xml version="1.0" encoding="UTF-8"?>
<!-- Generated by org.testng.reporters.JUnitReportReporter -->
<testsuite hostname="DESKTOP-3JG0K1M" failures="0" tests="2" name="runner.TestRunner" time="30.738" errors="0" timestamp="2024-11-07T08:03:39 GMT" skipped="0">
  <testcase classname="runner.TestRunner" name="runScenario" time="15.573"/>
  <testcase classname="runner.TestRunner" name="runScenario" time="15.165"/>
</testsuite> <!-- runner.TestRunner -->
